{"level":"info","timestamp":"2025-04-21T19:03:31.811+0400","caller":"cmd/main.go:32","msg":"Configuration loaded","AUTH_SERVICE_PORT":":8080","AUTH_SERVICE_DB_PATH":"../db/forum.db","AUTH_SERVICE_MIGRATIONS_PATH":"migrations","JWT_SECRET":"your-secret-key"}
{"level":"info","timestamp":"2025-04-21T19:03:31.872+0400","caller":"cmd/main.go:66","msg":"Migrations applied successfully"}
{"level":"info","timestamp":"2025-04-21T19:05:45.013+0400","caller":"cmd/main.go:32","msg":"Configuration loaded","AUTH_SERVICE_PORT":":8080","AUTH_SERVICE_DB_PATH":"../db/forum.db","AUTH_SERVICE_MIGRATIONS_PATH":"migrations","JWT_SECRET":"your-secret-key"}
{"level":"info","timestamp":"2025-04-21T19:05:45.063+0400","caller":"cmd/main.go:66","msg":"Migrations applied successfully"}
{"level":"info","timestamp":"2025-04-21T19:05:53.540+0400","caller":"repository/user_repository.go:41","msg":"User retrieved successfully","username":"Kakawka553123"}
{"level":"info","timestamp":"2025-04-21T19:05:53.669+0400","caller":"repository/user_repository.go:51","msg":"Token saved successfully","userID":6}
{"level":"info","timestamp":"2025-04-21T19:05:53.669+0400","caller":"repository/user_repository.go:41","msg":"User retrieved successfully","username":"Kakawka553123"}
{"level":"info","timestamp":"2025-04-21T19:07:55.409+0400","caller":"cmd/main.go:32","msg":"Configuration loaded","AUTH_SERVICE_PORT":":8080","AUTH_SERVICE_DB_PATH":"../db/forum.db","AUTH_SERVICE_MIGRATIONS_PATH":"migrations","JWT_SECRET":"your-secret-key"}
{"level":"info","timestamp":"2025-04-21T19:07:55.470+0400","caller":"cmd/main.go:66","msg":"Migrations applied successfully"}
{"level":"info","timestamp":"2025-04-21T19:08:59.931+0400","caller":"cmd/main.go:32","msg":"Configuration loaded","AUTH_SERVICE_PORT":":8080","AUTH_SERVICE_DB_PATH":"../db/forum.db","AUTH_SERVICE_MIGRATIONS_PATH":"migrations","JWT_SECRET":"your-secret-key"}
{"level":"info","timestamp":"2025-04-21T19:08:59.984+0400","caller":"cmd/main.go:66","msg":"Migrations applied successfully"}
{"level":"info","timestamp":"2025-04-21T19:09:07.464+0400","caller":"repository/user_repository.go:41","msg":"User retrieved successfully","username":"Kakawka553123"}
{"level":"info","timestamp":"2025-04-21T19:09:07.591+0400","caller":"repository/user_repository.go:51","msg":"Token saved successfully","userID":6}
{"level":"info","timestamp":"2025-04-21T19:09:07.591+0400","caller":"usecase/auth_usecase.go:62","msg":"User logged in successfully","username":"Kakawka553123"}
{"level":"info","timestamp":"2025-04-21T19:09:07.592+0400","caller":"repository/user_repository.go:41","msg":"User retrieved successfully","username":"Kakawka553123"}
{"level":"info","timestamp":"2025-04-21T19:09:07.592+0400","caller":"usecase/auth_usecase.go:72","msg":"User role retrieved successfully","username":"Kakawka553123","role":"user"}
{"level":"info","timestamp":"2025-04-21T19:09:07.592+0400","caller":"http/auth_handler.go:70","msg":"User logged in successfully","username":"Kakawka553123"}
{"level":"info","timestamp":"2025-04-21T19:27:44.437+0400","caller":"cmd/main.go:32","msg":"Configuration loaded","AUTH_SERVICE_PORT":":8080","AUTH_SERVICE_DB_PATH":"../db/forum.db","AUTH_SERVICE_MIGRATIONS_PATH":"migrations","JWT_SECRET":"your-secret-key"}
{"level":"info","timestamp":"2025-04-21T19:27:44.484+0400","caller":"cmd/main.go:66","msg":"Migrations applied successfully"}
{"level":"info","timestamp":"2025-04-21T19:30:12.422+0400","caller":"repository/user_repository.go:41","msg":"User retrieved successfully","username":"Kakawka553123"}
{"level":"info","timestamp":"2025-04-21T19:30:12.549+0400","caller":"repository/user_repository.go:51","msg":"Token saved successfully","userID":6}
{"level":"info","timestamp":"2025-04-21T19:30:12.550+0400","caller":"usecase/auth_usecase.go:62","msg":"User logged in successfully","username":"Kakawka553123"}
{"level":"info","timestamp":"2025-04-21T19:30:12.550+0400","caller":"repository/user_repository.go:41","msg":"User retrieved successfully","username":"Kakawka553123"}
{"level":"info","timestamp":"2025-04-21T19:30:12.550+0400","caller":"usecase/auth_usecase.go:72","msg":"User role retrieved successfully","username":"Kakawka553123","role":"user"}
{"level":"info","timestamp":"2025-04-21T19:30:12.550+0400","caller":"http/auth_handler.go:70","msg":"User logged in successfully","username":"Kakawka553123"}
{"level":"info","timestamp":"2025-04-21T19:46:09.547+0400","caller":"cmd/main.go:40","msg":"Configuration loaded","AUTH_SERVICE_PORT":":8080","AUTH_SERVICE_DB_PATH":"../db/forum.db","AUTH_SERVICE_MIGRATIONS_PATH":"migrations","JWT_SECRET":"your-secret-key"}
{"level":"info","timestamp":"2025-04-21T19:46:09.597+0400","caller":"cmd/main.go:74","msg":"Migrations applied successfully"}
{"level":"info","timestamp":"2025-04-21T19:53:24.524+0400","caller":"cmd/main.go:41","msg":"Configuration loaded","AUTH_SERVICE_PORT":":8080","AUTH_SERVICE_DB_PATH":"../db/forum.db","AUTH_SERVICE_MIGRATIONS_PATH":"migrations","JWT_SECRET":"your-secret-key"}
{"level":"info","timestamp":"2025-04-21T19:53:24.573+0400","caller":"cmd/main.go:75","msg":"Migrations applied successfully"}
{"level":"info","timestamp":"2025-04-21T19:59:15.835+0400","caller":"cmd/main.go:41","msg":"Configuration loaded","AUTH_SERVICE_PORT":":8080","AUTH_SERVICE_DB_PATH":"../db/forum.db","AUTH_SERVICE_MIGRATIONS_PATH":"migrations","JWT_SECRET":"your-secret-key"}
{"level":"info","timestamp":"2025-04-21T19:59:15.943+0400","caller":"cmd/main.go:75","msg":"Migrations applied successfully"}
{"level":"info","timestamp":"2025-04-21T20:24:17.924+0400","caller":"cmd/main.go:41","msg":"Configuration loaded","AUTH_SERVICE_PORT":":8080","AUTH_SERVICE_DB_PATH":"../db/forum.db","AUTH_SERVICE_MIGRATIONS_PATH":"migrations","JWT_SECRET":"your-secret-key"}
{"level":"info","timestamp":"2025-04-21T20:24:17.976+0400","caller":"cmd/main.go:75","msg":"Migrations applied successfully"}
{"level":"info","timestamp":"2025-04-21T21:32:42.216+0400","caller":"cmd/main.go:41","msg":"Configuration loaded","AUTH_SERVICE_PORT":":8080","AUTH_SERVICE_DB_PATH":"../db/forum.db","AUTH_SERVICE_MIGRATIONS_PATH":"migrations","JWT_SECRET":"your-secret-key"}
{"level":"info","timestamp":"2025-04-21T21:32:42.272+0400","caller":"cmd/main.go:75","msg":"Migrations applied successfully"}
{"level":"info","timestamp":"2025-04-21T21:43:57.554+0400","caller":"cmd/main.go:41","msg":"Configuration loaded","AUTH_SERVICE_PORT":":8080","AUTH_SERVICE_DB_PATH":"../db/forum.db","AUTH_SERVICE_MIGRATIONS_PATH":"migrations","JWT_SECRET":"your-secret-key"}
{"level":"info","timestamp":"2025-04-21T21:43:57.605+0400","caller":"cmd/main.go:75","msg":"Migrations applied successfully"}
{"level":"info","timestamp":"2025-04-21T21:44:19.319+0400","caller":"repository/user_repository.go:41","msg":"User retrieved successfully","username":"Kakawka553123"}
{"level":"info","timestamp":"2025-04-21T21:44:19.448+0400","caller":"repository/user_repository.go:51","msg":"Token saved successfully","userID":6}
{"level":"info","timestamp":"2025-04-21T21:44:19.448+0400","caller":"usecase/auth_usecase.go:62","msg":"User logged in successfully","username":"Kakawka553123"}
{"level":"info","timestamp":"2025-04-21T21:44:19.448+0400","caller":"repository/user_repository.go:41","msg":"User retrieved successfully","username":"Kakawka553123"}
{"level":"info","timestamp":"2025-04-21T21:44:19.448+0400","caller":"usecase/auth_usecase.go:72","msg":"User role retrieved successfully","username":"Kakawka553123","role":"user"}
{"level":"info","timestamp":"2025-04-21T21:44:19.449+0400","caller":"http/auth_handler.go:87","msg":"User logged in successfully","username":"Kakawka553123"}
{"level":"info","timestamp":"2025-04-21T21:50:54.396+0400","caller":"cmd/main.go:41","msg":"Configuration loaded","AUTH_SERVICE_PORT":":8080","AUTH_SERVICE_DB_PATH":"../db/forum.db","AUTH_SERVICE_MIGRATIONS_PATH":"migrations","JWT_SECRET":"your-secret-key"}
{"level":"info","timestamp":"2025-04-21T21:50:54.445+0400","caller":"cmd/main.go:75","msg":"Migrations applied successfully"}
{"level":"info","timestamp":"2025-04-21T21:51:40.473+0400","caller":"cmd/main.go:41","msg":"Configuration loaded","AUTH_SERVICE_PORT":":8080","AUTH_SERVICE_DB_PATH":"../db/forum.db","AUTH_SERVICE_MIGRATIONS_PATH":"migrations","JWT_SECRET":"your-secret-key"}
{"level":"info","timestamp":"2025-04-21T21:51:40.524+0400","caller":"cmd/main.go:75","msg":"Migrations applied successfully"}
{"level":"info","timestamp":"2025-04-21T21:51:57.711+0400","caller":"repository/user_repository.go:30","msg":"User registered successfully","username":"testuser"}
{"level":"info","timestamp":"2025-04-21T21:51:57.711+0400","caller":"usecase/auth_usecase.go:39","msg":"User registered successfully","username":"testuser"}
{"level":"info","timestamp":"2025-04-21T21:51:57.711+0400","caller":"http/auth_handler.go:46","msg":"User registered successfully","username":"testuser"}
{"level":"info","timestamp":"2025-04-21T21:51:58.801+0400","caller":"repository/user_repository.go:41","msg":"User retrieved successfully","username":"testuser"}
{"level":"info","timestamp":"2025-04-21T21:51:58.928+0400","caller":"repository/user_repository.go:51","msg":"Token saved successfully","userID":7}
{"level":"info","timestamp":"2025-04-21T21:51:58.928+0400","caller":"usecase/auth_usecase.go:62","msg":"User logged in successfully","username":"testuser"}
{"level":"info","timestamp":"2025-04-21T21:51:58.928+0400","caller":"repository/user_repository.go:41","msg":"User retrieved successfully","username":"testuser"}
{"level":"info","timestamp":"2025-04-21T21:51:58.928+0400","caller":"usecase/auth_usecase.go:72","msg":"User role retrieved successfully","username":"testuser","role":"user"}
{"level":"info","timestamp":"2025-04-21T21:51:58.928+0400","caller":"http/auth_handler.go:87","msg":"User logged in successfully","username":"testuser"}
